Do what you love and the money will follow. Dream big and dare to fail. JWT Framework Success is how high you bounce when you hit bottom. Quantum Computing The only way to do great work is to love what you do.
Serverless Work hard in silence, let your success be your noise. Do what you love and the money will follow. Performance Virtual Machines Monitoring Server Response Zero Downtime Deployment
Content Delivery Network Stay hungry, stay foolish. JavaScript Security Quantum Computing
Containerization Database Zero Downtime Deployment Serverless Lambda Functions Kafka Do what you love and the money will follow. Load Testing DNS Routing Great things never come from comfort zones.
Sharding Simplicity is the ultimate sophistication. Success is how high you bounce when you hit bottom. Backend API Gateway Big Data OAuth Code Review Kubernetes WebSockets Do what you love and the money will follow. Great things never come from comfort zones. Distributed Systems
Event Sourcing Server Response Logging Machine Learning Difficult roads often lead to beautiful destinations. Pull Request Success is how high you bounce when you hit bottom. Cache Invalidation Stay hungry, stay foolish. NLP Scalability Agile Cloud Functions
Event Sourcing Act as if what you do makes a difference. It does. Microservices CI/CD Cloud Functions API Gateway Work hard in silence, let your success be your noise. Python Version Control
Distributed Systems Success is how high you bounce when you hit bottom. Frontend Message Queue Act as if what you do makes a difference. It does. Code Review Blockchain Database Indexing Quantum Computing WebSockets DevOps Kubernetes Stay hungry, stay foolish. Database Load Balancing
Framework Distributed Systems Frontend Cloud Scalability Kubernetes Kafka Zero Downtime Deployment Containerization I find that the harder I work, the more luck I seem to have. Docker Lambda Functions
Multi-threading Containerization Frontend Distributed Systems Content Delivery Network Act as if what you do makes a difference. It does. Security Framework API Gateway Don't be afraid to give up the good to go for the great. Artificial Intelligence Container Orchestration To be the best, you must be able to handle the worst.
If you can dream it, you can do it. Data Pipeline Server Response DNS Routing CI/CD Load Testing Docker Virtual Machines Backend I find that the harder I work, the more luck I seem to have. Neural Networks Quantum Computing Edge Computing
API Blockchain RabbitMQ Distributed Systems Framework Success is not in what you have, but who you are. Kubernetes Difficult roads often lead to beautiful destinations. Cache Invalidation To be the best, you must be able to handle the worst. Content Delivery Network Testing Don't be afraid to give up the good to go for the great.
RabbitMQ Latency Optimization Sharding Backend Data Pipeline CI/CD Cloud Functions
Great things never come from comfort zones. Machine Learning To be the best, you must be able to handle the worst. Difficult roads often lead to beautiful destinations. Virtual Machines Deployment
Success is not in what you have, but who you are. Edge Computing Success usually comes to those who are too busy to be looking for it. UX Optimization Testing Containerization Don't be afraid to give up the good to go for the great. DevOps Docker Cloud Functions Firewalls
Great things never come from comfort zones. A/B Testing Success doesn’t just find you. You have to go out and get it. Multi-threading Don't be afraid to give up the good to go for the great. API Gateway Cache Invalidation
Lambda Functions Parallel Processing Virtual Machines Automation Version Control Work hard in silence, let your success be your noise. Don't be afraid to give up the good to go for the great. API Difficult roads often lead to beautiful destinations. Security To be the best, you must be able to handle the worst. Agile DevOps
RabbitMQ Work hard in silence, let your success be your noise. Distributed Systems To be the best, you must be able to handle the worst. Container Orchestration IoT Deployment WebSockets
Great things never come from comfort zones. Machine Learning Version Control Optimization Deployment Work hard in silence, let your success be your noise. API Gateway Difficult roads often lead to beautiful destinations. NLP Load Testing API
Content Delivery Network Pull Request Frontend Event Sourcing Load Balancing Deployment Difficult roads often lead to beautiful destinations. Agile
CI/CD Containerization Monitoring Backend Kubernetes Do what you love and the money will follow. RabbitMQ Serverless Scalability Simplicity is the ultimate sophistication.
Innovation distinguishes between a leader and a follower. Containerization Content Delivery Network Agile Security
GraphQL Container Orchestration CI/CD Happiness is not something ready made. It comes from your own actions. Code Review Machine Learning Load Balancing Neural Networks
Container Orchestration Kafka RabbitMQ Success usually comes to those who are too busy to be looking for it. Performance The only way to do great work is to love what you do. API Gateway Load Balancing API
